build/app/intermediates/manifest_merge_blame_file/productionRelease/manifest-merger-blame-production-release-report.txt
1<?xml version="1.0" encoding="utf-8"?>
2<manifest xmlns:android="http://schemas.android.com/apk/res/android"
3    package="com.test.second"
4    android:versionCode="1"
5    android:versionName="0.0.1" >
6
7    <uses-sdk
8        android:minSdkVersion="34"
8-->src\main\AndroidManifest.xml
9        android:targetSdkVersion="34" />
9-->src\main\AndroidManifest.xml
10    <!--
11         io.flutter.app.FlutterApplication is an android.app.Application that
12         calls FlutterMain.startInitialization(this); in its onCreate method.
13         In most cases you can leave this as-is, but you if you want to provide
14         additional functionality it is fine to subclass or reimplement
15         FlutterApplication and put your custom class here.
16    -->
17    <uses-permission android:name="android.permission.USE_FINGERPRINT" />
17-->src\main\AndroidManifest.xml:8:5-73
17-->src\main\AndroidManifest.xml:8:22-71
18    <uses-permission android:name="android.permission.INTERNET" />
18-->src\main\AndroidManifest.xml:9:5-66
18-->src\main\AndroidManifest.xml:9:22-64
19    <!-- Required for Android 13 or above -->
20    <uses-permission android:name="com.google.android.gms.permission.AD_ID" />
20-->src\main\AndroidManifest.xml:11:5-78
20-->src\main\AndroidManifest.xml:11:22-76
21    <uses-permission android:name="android.permission.ACCESS_NETWORK_STATE" />
21-->[:firebase_analytics] AndroidManifest.xml:7:5-79
21-->[:firebase_analytics] AndroidManifest.xml:7:22-76
22    <uses-permission android:name="android.permission.WAKE_LOCK" /> <!-- Permissions options for the `notification` group -->
22-->[:firebase_analytics] AndroidManifest.xml:9:5-68
22-->[:firebase_analytics] AndroidManifest.xml:9:22-65
23    <uses-permission android:name="android.permission.POST_NOTIFICATIONS" />
23-->[:firebase_messaging] AndroidManifest.xml:11:5-77
23-->[:firebase_messaging] AndroidManifest.xml:11:22-74
24
25    <queries>
25-->[:twitter_login] AndroidManifest.xml:7:5-11:15
26        <intent>
26-->[:twitter_login] AndroidManifest.xml:8:9-10:18
27            <action android:name="android.support.customtabs.action.CustomTabsService" />
27-->[:twitter_login] AndroidManifest.xml:9:13-90
27-->[:twitter_login] AndroidManifest.xml:9:21-87
28        </intent>
29        <intent>
29-->[com.android.billingclient:billing:6.1.0] AndroidManifest.xml:13:9-15:18
30            <action android:name="com.android.vending.billing.InAppBillingService.BIND" />
30-->[com.android.billingclient:billing:6.1.0] AndroidManifest.xml:14:13-91
30-->[com.android.billingclient:billing:6.1.0] AndroidManifest.xml:14:21-88
31        </intent>
32
33        <package android:name="com.facebook.katana" /> <!-- For browser content -->
33-->[com.facebook.android:facebook-common:17.0.0] AndroidManifest.xml:18:9-55
33-->[com.facebook.android:facebook-common:17.0.0] AndroidManifest.xml:18:18-52
34        <intent>
34-->[com.google.android.gms:play-services-ads-lite:22.5.0] AndroidManifest.xml:38:9-44:18
35            <action android:name="android.intent.action.VIEW" />
35-->src\main\AndroidManifest.xml:41:17-68
35-->src\main\AndroidManifest.xml:41:25-66
36
37            <category android:name="android.intent.category.BROWSABLE" />
37-->src\main\AndroidManifest.xml:43:17-77
37-->src\main\AndroidManifest.xml:43:27-75
38
39            <data android:scheme="https" />
39-->src\main\AndroidManifest.xml:46:17-48:45
39-->src\main\AndroidManifest.xml:48:21-43
40        </intent>
41    </queries>
42
43    <uses-permission android:name="com.android.vending.BILLING" />
43-->[com.android.billingclient:billing:6.1.0] AndroidManifest.xml:10:5-67
43-->[com.android.billingclient:billing:6.1.0] AndroidManifest.xml:10:22-64
44    <uses-permission android:name="android.permission.ACCESS_ADSERVICES_ATTRIBUTION" />
44-->[com.google.android.gms:play-services-measurement-api:21.6.2] AndroidManifest.xml:26:5-88
44-->[com.google.android.gms:play-services-measurement-api:21.6.2] AndroidManifest.xml:26:22-85
45    <uses-permission android:name="android.permission.ACCESS_ADSERVICES_AD_ID" /> <!-- Required by older versions of Google Play services to create IID tokens -->
45-->[com.google.android.gms:play-services-measurement-api:21.6.2] AndroidManifest.xml:27:5-82
45-->[com.google.android.gms:play-services-measurement-api:21.6.2] AndroidManifest.xml:27:22-79
46    <uses-permission android:name="com.google.android.c2dm.permission.RECEIVE" />
46-->[com.google.firebase:firebase-messaging:23.4.1] AndroidManifest.xml:26:5-82
46-->[com.google.firebase:firebase-messaging:23.4.1] AndroidManifest.xml:26:22-79
47    <uses-permission android:name="android.permission.ACCESS_ADSERVICES_TOPICS" />
47-->[com.google.android.gms:play-services-ads-lite:22.5.0] AndroidManifest.xml:29:5-83
47-->[com.google.android.gms:play-services-ads-lite:22.5.0] AndroidManifest.xml:29:22-80
48    <uses-permission android:name="com.google.android.finsky.permission.BIND_GET_INSTALL_REFERRER_SERVICE" />
48-->[com.google.android.gms:play-services-measurement:21.6.2] AndroidManifest.xml:26:5-110
48-->[com.google.android.gms:play-services-measurement:21.6.2] AndroidManifest.xml:26:22-107
49    <uses-permission android:name="com.google.android.providers.gsf.permission.READ_GSERVICES" />
49-->[com.google.android.recaptcha:recaptcha:18.4.0] AndroidManifest.xml:9:5-98
49-->[com.google.android.recaptcha:recaptcha:18.4.0] AndroidManifest.xml:9:22-95
50    <uses-permission android:name="android.permission.FOREGROUND_SERVICE" />
50-->[androidx.work:work-runtime:2.7.0] AndroidManifest.xml:28:5-77
50-->[androidx.work:work-runtime:2.7.0] AndroidManifest.xml:28:22-74
51
52    <permission
52-->[androidx.core:core:1.10.1] AndroidManifest.xml:22:5-24:47
53        android:name="com.test.second.DYNAMIC_RECEIVER_NOT_EXPORTED_PERMISSION"
53-->[androidx.core:core:1.10.1] AndroidManifest.xml:23:9-81
54        android:protectionLevel="signature" />
54-->[androidx.core:core:1.10.1] AndroidManifest.xml:24:9-44
55
56    <uses-permission android:name="com.test.second.DYNAMIC_RECEIVER_NOT_EXPORTED_PERMISSION" />
56-->[androidx.core:core:1.10.1] AndroidManifest.xml:26:5-97
56-->[androidx.core:core:1.10.1] AndroidManifest.xml:26:22-94
57
58    <application
59        android:name="android.app.Application"
59-->src\main\AndroidManifest.xml:14:9-42
60        android:appComponentFactory="androidx.core.app.CoreComponentFactory"
60-->[androidx.core:core:1.10.1] AndroidManifest.xml:28:18-86
61        android:extractNativeLibs="false"
62        android:icon="@mipmap/ic_launcher"
62-->src\main\AndroidManifest.xml:16:9-43
63        android:label="second []"
63-->src\main\AndroidManifest.xml:15:9-35
64        android:supportsRtl="true" >
64-->[com.facebook.android:facebook-login:17.0.0] AndroidManifest.xml:16:18-44
65        <activity
65-->src\main\AndroidManifest.xml:17:9-59:20
66            android:name="com.test.second.MainActivity"
66-->src\main\AndroidManifest.xml:18:13-41
67            android:configChanges="orientation|keyboardHidden|keyboard|screenSize|smallestScreenSize|locale|layoutDirection|fontScale|screenLayout|density|uiMode"
67-->src\main\AndroidManifest.xml:23:13-163
68            android:exported="true"
68-->src\main\AndroidManifest.xml:20:13-36
69            android:hardwareAccelerated="true"
69-->src\main\AndroidManifest.xml:24:13-47
70            android:launchMode="singleTop"
70-->src\main\AndroidManifest.xml:21:13-43
71            android:screenOrientation="portrait"
71-->src\main\AndroidManifest.xml:19:13-49
72            android:theme="@style/LaunchTheme"
72-->src\main\AndroidManifest.xml:22:13-47
73            android:windowSoftInputMode="adjustResize" >
73-->src\main\AndroidManifest.xml:25:13-55
74
75            <!--
76                 Specifies an Android theme to apply to this Activity as soon as
77                 the Android process has started. This theme is visible to the user
78                 while the Flutter UI initializes. After that, this theme continues
79                 to determine the Window background behind the Flutter UI.
80            -->
81            <meta-data
81-->src\main\AndroidManifest.xml:30:13-33:17
82                android:name="io.flutter.embedding.android.NormalTheme"
82-->src\main\AndroidManifest.xml:31:15-70
83                android:resource="@style/NormalTheme" />
83-->src\main\AndroidManifest.xml:32:15-52
84
85            <intent-filter>
85-->src\main\AndroidManifest.xml:35:13-38:29
86                <action android:name="android.intent.action.MAIN" />
86-->src\main\AndroidManifest.xml:36:17-68
86-->src\main\AndroidManifest.xml:36:25-66
87
88                <category android:name="android.intent.category.LAUNCHER" />
88-->src\main\AndroidManifest.xml:37:17-76
88-->src\main\AndroidManifest.xml:37:27-74
89            </intent-filter>
90            <intent-filter>
90-->src\main\AndroidManifest.xml:40:13-49:29
91                <action android:name="android.intent.action.VIEW" />
91-->src\main\AndroidManifest.xml:41:17-68
91-->src\main\AndroidManifest.xml:41:25-66
92
93                <category android:name="android.intent.category.DEFAULT" />
93-->src\main\AndroidManifest.xml:42:17-75
93-->src\main\AndroidManifest.xml:42:27-73
94                <category android:name="android.intent.category.BROWSABLE" />
94-->src\main\AndroidManifest.xml:43:17-77
94-->src\main\AndroidManifest.xml:43:27-75
95
96                <!-- Registered callback URL for deep linking -->
97                <data
97-->src\main\AndroidManifest.xml:46:17-48:45
98                    android:host="@string/flavor_deep_link_domain"
98-->src\main\AndroidManifest.xml:47:21-67
99                    android:scheme="https" />
99-->src\main\AndroidManifest.xml:48:21-43
100            </intent-filter>
101            <intent-filter>
101-->src\main\AndroidManifest.xml:51:13-58:29
102                <action android:name="android.intent.action.VIEW" />
102-->src\main\AndroidManifest.xml:41:17-68
102-->src\main\AndroidManifest.xml:41:25-66
103
104                <category android:name="android.intent.category.DEFAULT" />
104-->src\main\AndroidManifest.xml:42:17-75
104-->src\main\AndroidManifest.xml:42:27-73
105                <category android:name="android.intent.category.BROWSABLE" />
105-->src\main\AndroidManifest.xml:43:17-77
105-->src\main\AndroidManifest.xml:43:27-75
106
107                <!-- Registered callback URL for Twitter authentication -->
108                <data android:scheme="@string/twitter_redirect_uri_scheme" />
108-->src\main\AndroidManifest.xml:46:17-48:45
108-->src\main\AndroidManifest.xml:48:21-43
109            </intent-filter>
110        </activity>
111        <!--
112             Don't delete the meta-data below.
113             This is used by the Flutter tool to generate GeneratedPluginRegistrant.java
114        -->
115        <meta-data
115-->src\main\AndroidManifest.xml:62:9-64:33
116            android:name="flutterEmbedding"
116-->src\main\AndroidManifest.xml:63:13-44
117            android:value="2" />
117-->src\main\AndroidManifest.xml:64:13-30
118
119        <!-- Facebook authentication meta-data -->
120        <meta-data
120-->src\main\AndroidManifest.xml:67:9-69:54
121            android:name="com.facebook.sdk.ApplicationId"
121-->src\main\AndroidManifest.xml:68:12-57
122            android:value="@string/facebook_app_id" />
122-->src\main\AndroidManifest.xml:69:12-51
123        <meta-data
123-->src\main\AndroidManifest.xml:70:9-72:59
124            android:name="com.facebook.sdk.ClientToken"
124-->src\main\AndroidManifest.xml:71:12-55
125            android:value="@string/facebook_client_token" />
125-->src\main\AndroidManifest.xml:72:12-57
126        <!-- Google AdMob meta-data -->
127        <meta-data
127-->src\main\AndroidManifest.xml:74:9-76:51
128            android:name="com.google.android.gms.ads.APPLICATION_ID"
128-->src\main\AndroidManifest.xml:75:13-69
129            android:value="@string/admob_app_id" />
129-->src\main\AndroidManifest.xml:76:13-49
130        <meta-data
130-->src\main\AndroidManifest.xml:77:9-79:36
131            android:name="io.flutter.plugins.googlemobileads.FLUTTER_NEWS_TEMPLATE_VERSION"
131-->src\main\AndroidManifest.xml:78:13-92
132            android:value="1.0.0" />
132-->src\main\AndroidManifest.xml:79:13-34
133
134        <service
134-->[:firebase_crashlytics] AndroidManifest.xml:8:9-12:19
135            android:name="com.google.firebase.components.ComponentDiscoveryService"
135-->[:firebase_crashlytics] AndroidManifest.xml:8:18-89
136            android:directBootAware="true"
136-->[com.google.firebase:firebase-common:20.4.3] AndroidManifest.xml:32:13-43
137            android:exported="false" >
137-->[com.google.firebase:firebase-crashlytics:18.6.4] AndroidManifest.xml:14:13-37
138            <meta-data
138-->[:firebase_crashlytics] AndroidManifest.xml:9:13-11:85
139                android:name="com.google.firebase.components:io.flutter.plugins.firebase.crashlytics.FlutterFirebaseAppRegistrar"
139-->[:firebase_crashlytics] AndroidManifest.xml:10:17-130
140                android:value="com.google.firebase.components.ComponentRegistrar" />
140-->[:firebase_crashlytics] AndroidManifest.xml:11:17-82
141            <meta-data
141-->[:firebase_dynamic_links] AndroidManifest.xml:11:13-13:85
142                android:name="com.google.firebase.components:io.flutter.plugins.firebase.dynamiclinks.FlutterFirebaseAppRegistrar"
142-->[:firebase_dynamic_links] AndroidManifest.xml:12:17-131
143                android:value="com.google.firebase.components.ComponentRegistrar" />
143-->[:firebase_dynamic_links] AndroidManifest.xml:13:17-82
144            <meta-data
144-->[:firebase_analytics] AndroidManifest.xml:13:13-15:85
145                android:name="com.google.firebase.components:io.flutter.plugins.firebase.analytics.FlutterFirebaseAppRegistrar"
145-->[:firebase_analytics] AndroidManifest.xml:14:17-128
146                android:value="com.google.firebase.components.ComponentRegistrar" />
146-->[:firebase_analytics] AndroidManifest.xml:15:17-82
147            <meta-data
147-->[:firebase_auth] AndroidManifest.xml:9:13-11:85
148                android:name="com.google.firebase.components:io.flutter.plugins.firebase.auth.FlutterFirebaseAuthRegistrar"
148-->[:firebase_auth] AndroidManifest.xml:10:17-124
149                android:value="com.google.firebase.components.ComponentRegistrar" />
149-->[:firebase_auth] AndroidManifest.xml:11:17-82
150            <meta-data
150-->[:firebase_messaging] AndroidManifest.xml:36:13-38:85
151                android:name="com.google.firebase.components:io.flutter.plugins.firebase.messaging.FlutterFirebaseAppRegistrar"
151-->[:firebase_messaging] AndroidManifest.xml:37:17-128
152                android:value="com.google.firebase.components.ComponentRegistrar" />
152-->[:firebase_messaging] AndroidManifest.xml:38:17-82
153            <meta-data
153-->[:firebase_core] AndroidManifest.xml:9:13-11:85
154                android:name="com.google.firebase.components:io.flutter.plugins.firebase.core.FlutterFirebaseCoreRegistrar"
154-->[:firebase_core] AndroidManifest.xml:10:17-124
155                android:value="com.google.firebase.components.ComponentRegistrar" />
155-->[:firebase_core] AndroidManifest.xml:11:17-82
156            <meta-data
156-->[com.google.firebase:firebase-crashlytics:18.6.4] AndroidManifest.xml:15:13-17:85
157                android:name="com.google.firebase.components:com.google.firebase.crashlytics.FirebaseCrashlyticsKtxRegistrar"
157-->[com.google.firebase:firebase-crashlytics:18.6.4] AndroidManifest.xml:16:17-126
158                android:value="com.google.firebase.components.ComponentRegistrar" />
158-->[com.google.firebase:firebase-crashlytics:18.6.4] AndroidManifest.xml:17:17-82
159            <meta-data
159-->[com.google.firebase:firebase-crashlytics:18.6.4] AndroidManifest.xml:18:13-20:85
160                android:name="com.google.firebase.components:com.google.firebase.crashlytics.CrashlyticsRegistrar"
160-->[com.google.firebase:firebase-crashlytics:18.6.4] AndroidManifest.xml:19:17-115
161                android:value="com.google.firebase.components.ComponentRegistrar" />
161-->[com.google.firebase:firebase-crashlytics:18.6.4] AndroidManifest.xml:20:17-82
162            <meta-data
162-->[com.google.firebase:firebase-sessions:1.2.4] AndroidManifest.xml:29:13-31:85
163                android:name="com.google.firebase.components:com.google.firebase.sessions.FirebaseSessionsRegistrar"
163-->[com.google.firebase:firebase-sessions:1.2.4] AndroidManifest.xml:30:17-117
164                android:value="com.google.firebase.components.ComponentRegistrar" />
164-->[com.google.firebase:firebase-sessions:1.2.4] AndroidManifest.xml:31:17-82
165            <meta-data
165-->[com.google.android.gms:play-services-measurement-api:21.6.2] AndroidManifest.xml:37:13-39:85
166                android:name="com.google.firebase.components:com.google.firebase.analytics.connector.internal.AnalyticsConnectorRegistrar"
166-->[com.google.android.gms:play-services-measurement-api:21.6.2] AndroidManifest.xml:38:17-139
167                android:value="com.google.firebase.components.ComponentRegistrar" />
167-->[com.google.android.gms:play-services-measurement-api:21.6.2] AndroidManifest.xml:39:17-82
168            <meta-data
168-->[com.google.firebase:firebase-dynamic-links:21.2.0] AndroidManifest.xml:24:13-26:85
169                android:name="com.google.firebase.components:com.google.firebase.dynamiclinks.FirebaseDynamicLinksKtxRegistrar"
169-->[com.google.firebase:firebase-dynamic-links:21.2.0] AndroidManifest.xml:25:17-128
170                android:value="com.google.firebase.components.ComponentRegistrar" />
170-->[com.google.firebase:firebase-dynamic-links:21.2.0] AndroidManifest.xml:26:17-82
171            <meta-data
171-->[com.google.firebase:firebase-dynamic-links:21.2.0] AndroidManifest.xml:27:13-29:85
172                android:name="com.google.firebase.components:com.google.firebase.dynamiclinks.internal.FirebaseDynamicLinkRegistrar"
172-->[com.google.firebase:firebase-dynamic-links:21.2.0] AndroidManifest.xml:28:17-133
173                android:value="com.google.firebase.components.ComponentRegistrar" />
173-->[com.google.firebase:firebase-dynamic-links:21.2.0] AndroidManifest.xml:29:17-82
174            <meta-data
174-->[com.google.firebase:firebase-auth:22.3.1] AndroidManifest.xml:69:13-71:85
175                android:name="com.google.firebase.components:com.google.firebase.auth.FirebaseAuthRegistrar"
175-->[com.google.firebase:firebase-auth:22.3.1] AndroidManifest.xml:70:17-109
176                android:value="com.google.firebase.components.ComponentRegistrar" />
176-->[com.google.firebase:firebase-auth:22.3.1] AndroidManifest.xml:71:17-82
177            <meta-data
177-->[com.google.firebase:firebase-messaging:23.4.1] AndroidManifest.xml:57:13-59:85
178                android:name="com.google.firebase.components:com.google.firebase.messaging.FirebaseMessagingKtxRegistrar"
178-->[com.google.firebase:firebase-messaging:23.4.1] AndroidManifest.xml:58:17-122
179                android:value="com.google.firebase.components.ComponentRegistrar" />
179-->[com.google.firebase:firebase-messaging:23.4.1] AndroidManifest.xml:59:17-82
180            <meta-data
180-->[com.google.firebase:firebase-messaging:23.4.1] AndroidManifest.xml:60:13-62:85
181                android:name="com.google.firebase.components:com.google.firebase.messaging.FirebaseMessagingRegistrar"
181-->[com.google.firebase:firebase-messaging:23.4.1] AndroidManifest.xml:61:17-119
182                android:value="com.google.firebase.components.ComponentRegistrar" />
182-->[com.google.firebase:firebase-messaging:23.4.1] AndroidManifest.xml:62:17-82
183            <meta-data
183-->[com.google.firebase:firebase-iid:21.1.0] AndroidManifest.xml:32:13-34:85
184                android:name="com.google.firebase.components:com.google.firebase.iid.Registrar"
184-->[com.google.firebase:firebase-iid:21.1.0] AndroidManifest.xml:33:17-96
185                android:value="com.google.firebase.components.ComponentRegistrar" />
185-->[com.google.firebase:firebase-iid:21.1.0] AndroidManifest.xml:34:17-82
186            <meta-data
186-->[com.google.firebase:firebase-installations:17.2.0] AndroidManifest.xml:15:13-17:85
187                android:name="com.google.firebase.components:com.google.firebase.installations.FirebaseInstallationsKtxRegistrar"
187-->[com.google.firebase:firebase-installations:17.2.0] AndroidManifest.xml:16:17-130
188                android:value="com.google.firebase.components.ComponentRegistrar" />
188-->[com.google.firebase:firebase-installations:17.2.0] AndroidManifest.xml:17:17-82
189            <meta-data
189-->[com.google.firebase:firebase-installations:17.2.0] AndroidManifest.xml:18:13-20:85
190                android:name="com.google.firebase.components:com.google.firebase.installations.FirebaseInstallationsRegistrar"
190-->[com.google.firebase:firebase-installations:17.2.0] AndroidManifest.xml:19:17-127
191                android:value="com.google.firebase.components.ComponentRegistrar" />
191-->[com.google.firebase:firebase-installations:17.2.0] AndroidManifest.xml:20:17-82
192            <meta-data
192-->[com.google.firebase:firebase-common-ktx:20.4.3] AndroidManifest.xml:12:13-14:85
193                android:name="com.google.firebase.components:com.google.firebase.ktx.FirebaseCommonLegacyRegistrar"
193-->[com.google.firebase:firebase-common-ktx:20.4.3] AndroidManifest.xml:13:17-116
194                android:value="com.google.firebase.components.ComponentRegistrar" />
194-->[com.google.firebase:firebase-common-ktx:20.4.3] AndroidManifest.xml:14:17-82
195            <meta-data
195-->[com.google.firebase:firebase-datatransport:18.1.8] AndroidManifest.xml:27:13-29:85
196                android:name="com.google.firebase.components:com.google.firebase.datatransport.TransportRegistrar"
196-->[com.google.firebase:firebase-datatransport:18.1.8] AndroidManifest.xml:28:17-115
197                android:value="com.google.firebase.components.ComponentRegistrar" />
197-->[com.google.firebase:firebase-datatransport:18.1.8] AndroidManifest.xml:29:17-82
198            <meta-data
198-->[com.google.firebase:firebase-common:20.4.3] AndroidManifest.xml:35:13-37:85
199                android:name="com.google.firebase.components:com.google.firebase.FirebaseCommonKtxRegistrar"
199-->[com.google.firebase:firebase-common:20.4.3] AndroidManifest.xml:36:17-109
200                android:value="com.google.firebase.components.ComponentRegistrar" />
200-->[com.google.firebase:firebase-common:20.4.3] AndroidManifest.xml:37:17-82
201        </service>
202        <service
202-->[:firebase_messaging] AndroidManifest.xml:14:9-17:72
203            android:name="io.flutter.plugins.firebase.messaging.FlutterFirebaseMessagingBackgroundService"
203-->[:firebase_messaging] AndroidManifest.xml:15:13-107
204            android:exported="false"
204-->[:firebase_messaging] AndroidManifest.xml:16:13-37
205            android:permission="android.permission.BIND_JOB_SERVICE" />
205-->[:firebase_messaging] AndroidManifest.xml:17:13-69
206        <service
206-->[:firebase_messaging] AndroidManifest.xml:18:9-24:19
207            android:name="io.flutter.plugins.firebase.messaging.FlutterFirebaseMessagingService"
207-->[:firebase_messaging] AndroidManifest.xml:19:13-97
208            android:exported="false" >
208-->[:firebase_messaging] AndroidManifest.xml:20:13-37
209            <intent-filter>
209-->[:firebase_messaging] AndroidManifest.xml:21:13-23:29
210                <action android:name="com.google.firebase.MESSAGING_EVENT" />
210-->[:firebase_messaging] AndroidManifest.xml:22:17-78
210-->[:firebase_messaging] AndroidManifest.xml:22:25-75
211            </intent-filter>
212        </service>
213
214        <receiver
214-->[:firebase_messaging] AndroidManifest.xml:26:9-33:20
215            android:name="io.flutter.plugins.firebase.messaging.FlutterFirebaseMessagingReceiver"
215-->[:firebase_messaging] AndroidManifest.xml:27:13-98
216            android:exported="true"
216-->[:firebase_messaging] AndroidManifest.xml:28:13-36
217            android:permission="com.google.android.c2dm.permission.SEND" >
217-->[:firebase_messaging] AndroidManifest.xml:29:13-73
218            <intent-filter>
218-->[:firebase_messaging] AndroidManifest.xml:30:13-32:29
219                <action android:name="com.google.android.c2dm.intent.RECEIVE" />
219-->[:firebase_messaging] AndroidManifest.xml:31:17-81
219-->[:firebase_messaging] AndroidManifest.xml:31:25-78
220            </intent-filter>
221        </receiver>
222
223        <provider
223-->[:firebase_messaging] AndroidManifest.xml:41:9-45:38
224            android:name="io.flutter.plugins.firebase.messaging.FlutterFirebaseMessagingInitProvider"
224-->[:firebase_messaging] AndroidManifest.xml:42:13-102
225            android:authorities="com.test.second.flutterfirebasemessaginginitprovider"
225-->[:firebase_messaging] AndroidManifest.xml:43:13-88
226            android:exported="false"
226-->[:firebase_messaging] AndroidManifest.xml:44:13-37
227            android:initOrder="99" />
227-->[:firebase_messaging] AndroidManifest.xml:45:13-35
228
229        <activity
229-->[:url_launcher_android] AndroidManifest.xml:8:9-11:74
230            android:name="io.flutter.plugins.urllauncher.WebViewActivity"
230-->[:url_launcher_android] AndroidManifest.xml:9:13-74
231            android:exported="false"
231-->[:url_launcher_android] AndroidManifest.xml:10:13-37
232            android:theme="@android:style/Theme.NoTitleBar.Fullscreen" />
232-->[:url_launcher_android] AndroidManifest.xml:11:13-71
233
234        <meta-data
234-->[:google_mobile_ads] AndroidManifest.xml:10:9-12:36
235            android:name="io.flutter.embedded_views_preview"
235-->[:google_mobile_ads] AndroidManifest.xml:11:13-61
236            android:value="true" />
236-->[:google_mobile_ads] AndroidManifest.xml:12:13-33
237
238        <activity android:name="com.maru.twitter_login.chrome_custom_tabs.ChromeCustomTabsActivity" />
238-->[:twitter_login] AndroidManifest.xml:14:9-103
238-->[:twitter_login] AndroidManifest.xml:14:19-100
239        <!--
240           Declares a provider which allows us to store files to share in
241           '.../caches/share_plus' and grant the receiving action access
242        -->
243        <provider
243-->[:share_plus] AndroidManifest.xml:13:9-21:20
244            android:name="dev.fluttercommunity.plus.share.ShareFileProvider"
244-->[:share_plus] AndroidManifest.xml:14:13-77
245            android:authorities="com.test.second.flutter.share_provider"
245-->[:share_plus] AndroidManifest.xml:15:13-74
246            android:exported="false"
246-->[:share_plus] AndroidManifest.xml:16:13-37
247            android:grantUriPermissions="true" >
247-->[:share_plus] AndroidManifest.xml:17:13-47
248            <meta-data
248-->[:share_plus] AndroidManifest.xml:18:13-20:68
249                android:name="android.support.FILE_PROVIDER_PATHS"
249-->[:share_plus] AndroidManifest.xml:19:17-67
250                android:resource="@xml/flutter_share_file_paths" />
250-->[:share_plus] AndroidManifest.xml:20:17-65
251        </provider>
252        <!--
253           This manifest declared broadcast receiver allows us to use an explicit
254           Intent when creating a PendingItent to be informed of the user's choice
255        -->
256        <receiver
256-->[:share_plus] AndroidManifest.xml:26:9-32:20
257            android:name="dev.fluttercommunity.plus.share.SharePlusPendingIntent"
257-->[:share_plus] AndroidManifest.xml:27:13-82
258            android:exported="false" >
258-->[:share_plus] AndroidManifest.xml:28:13-37
259            <intent-filter>
259-->[:share_plus] AndroidManifest.xml:29:13-31:29
260                <action android:name="EXTRA_CHOSEN_COMPONENT" />
260-->[:share_plus] AndroidManifest.xml:30:17-65
260-->[:share_plus] AndroidManifest.xml:30:25-62
261            </intent-filter>
262        </receiver>
263
264        <meta-data
264-->[com.android.billingclient:billing:6.1.0] AndroidManifest.xml:19:9-21:37
265            android:name="com.google.android.play.billingclient.version"
265-->[com.android.billingclient:billing:6.1.0] AndroidManifest.xml:20:13-73
266            android:value="6.1.0" />
266-->[com.android.billingclient:billing:6.1.0] AndroidManifest.xml:21:13-34
267
268        <activity
268-->[com.android.billingclient:billing:6.1.0] AndroidManifest.xml:23:9-27:75
269            android:name="com.android.billingclient.api.ProxyBillingActivity"
269-->[com.android.billingclient:billing:6.1.0] AndroidManifest.xml:24:13-78
270            android:configChanges="keyboard|keyboardHidden|screenLayout|screenSize|orientation"
270-->[com.android.billingclient:billing:6.1.0] AndroidManifest.xml:25:13-96
271            android:exported="false"
271-->[com.android.billingclient:billing:6.1.0] AndroidManifest.xml:26:13-37
272            android:theme="@android:style/Theme.Translucent.NoTitleBar" />
272-->[com.android.billingclient:billing:6.1.0] AndroidManifest.xml:27:13-72
273
274        <service
274-->[com.google.firebase:firebase-sessions:1.2.4] AndroidManifest.xml:22:9-25:40
275            android:name="com.google.firebase.sessions.SessionLifecycleService"
275-->[com.google.firebase:firebase-sessions:1.2.4] AndroidManifest.xml:23:13-80
276            android:enabled="true"
276-->[com.google.firebase:firebase-sessions:1.2.4] AndroidManifest.xml:24:13-35
277            android:exported="false" />
277-->[com.google.firebase:firebase-sessions:1.2.4] AndroidManifest.xml:25:13-37
278
279        <property
279-->[com.google.android.gms:play-services-measurement-api:21.6.2] AndroidManifest.xml:30:9-32:61
280            android:name="android.adservices.AD_SERVICES_CONFIG"
280-->[com.google.android.gms:play-services-measurement-api:21.6.2] AndroidManifest.xml:31:13-65
281            android:resource="@xml/ga_ad_services_config" />